2021-07-24 16:10:47.886574 (MainThread): Running with dbt=0.20.0
2021-07-24 16:10:49.577023 (MainThread): running dbt with arguments Namespace(cls=<class 'dbt.task.run.RunTask'>, debug=False, defer=None, exclude=None, fail_fast=False, full_refresh=False, log_cache_events=False, log_format='default', models=None, partial_parse=None, profile=None, profiles_dir='/Users/dix/.dbt', project_dir=None, record_timing_info=None, rpc_method='run', selector_name=None, single_threaded=False, state=None, strict=False, target=None, test_new_parser=False, threads=None, use_cache=True, use_colors=None, use_experimental_parser=False, vars='{}', version_check=True, warn_error=False, which='run', write_json=True)
2021-07-24 16:10:49.579347 (MainThread): Tracking: tracking
2021-07-24 16:10:49.579705 (MainThread): Sending event: {'category': 'dbt', 'action': 'invocation', 'label': 'start', 'context': [<snowplow_tracker.self_describing_json.SelfDescribingJson object at 0x103ae14f0>, <snowplow_tracker.self_describing_json.SelfDescribingJson object at 0x104ee6670>, <snowplow_tracker.self_describing_json.SelfDescribingJson object at 0x104ee6ca0>]}
2021-07-24 16:10:49.594135 (MainThread): Partial parsing not enabled
2021-07-24 16:10:49.621548 (MainThread): Parsing macros/catalog.sql
2021-07-24 16:10:49.624233 (MainThread): Parsing macros/adapters.sql
2021-07-24 16:10:49.663902 (MainThread): Parsing macros/materializations/merge.sql
2021-07-24 16:10:49.666647 (MainThread): Parsing macros/materializations/view.sql
2021-07-24 16:10:49.668436 (MainThread): Parsing macros/materializations/table.sql
2021-07-24 16:10:49.672973 (MainThread): Parsing macros/materializations/incremental.sql
2021-07-24 16:10:49.683462 (MainThread): Parsing macros/core.sql
2021-07-24 16:10:49.687723 (MainThread): Parsing macros/materializations/test.sql
2021-07-24 16:10:49.695050 (MainThread): Parsing macros/materializations/helpers.sql
2021-07-24 16:10:49.705931 (MainThread): Parsing macros/materializations/snapshot/snapshot_merge.sql
2021-07-24 16:10:49.707989 (MainThread): Parsing macros/materializations/snapshot/strategies.sql
2021-07-24 16:10:49.727367 (MainThread): Parsing macros/materializations/snapshot/snapshot.sql
2021-07-24 16:10:49.762970 (MainThread): Parsing macros/materializations/seed/seed.sql
2021-07-24 16:10:49.786293 (MainThread): Parsing macros/materializations/incremental/helpers.sql
2021-07-24 16:10:49.788226 (MainThread): Parsing macros/materializations/incremental/incremental.sql
2021-07-24 16:10:49.796676 (MainThread): Parsing macros/materializations/common/merge.sql
2021-07-24 16:10:49.811639 (MainThread): Parsing macros/materializations/table/table.sql
2021-07-24 16:10:49.818966 (MainThread): Parsing macros/materializations/view/view.sql
2021-07-24 16:10:49.825705 (MainThread): Parsing macros/materializations/view/create_or_replace_view.sql
2021-07-24 16:10:49.831236 (MainThread): Parsing macros/etc/get_custom_alias.sql
2021-07-24 16:10:49.832205 (MainThread): Parsing macros/etc/query.sql
2021-07-24 16:10:49.833185 (MainThread): Parsing macros/etc/is_incremental.sql
2021-07-24 16:10:49.834857 (MainThread): Parsing macros/etc/datetime.sql
2021-07-24 16:10:49.844583 (MainThread): Parsing macros/etc/get_custom_schema.sql
2021-07-24 16:10:49.846536 (MainThread): Parsing macros/etc/get_custom_database.sql
2021-07-24 16:10:49.848121 (MainThread): Parsing macros/adapters/common.sql
2021-07-24 16:10:49.897946 (MainThread): Parsing macros/schema_tests/relationships.sql
2021-07-24 16:10:49.899932 (MainThread): Parsing macros/schema_tests/not_null.sql
2021-07-24 16:10:49.901417 (MainThread): Parsing macros/schema_tests/unique.sql
2021-07-24 16:10:49.903061 (MainThread): Parsing macros/schema_tests/accepted_values.sql
2021-07-24 16:10:50.091301 (MainThread): Acquiring new snowflake connection "model.dbt_learn.my_first_dbt_model".
2021-07-24 16:10:50.101698 (MainThread): Acquiring new snowflake connection "model.dbt_learn.my_second_dbt_model".
2021-07-24 16:10:50.132868 (MainThread): 'soft_unicode' has been renamed to 'soft_str'. The old name will be removed in MarkupSafe 2.1.
2021-07-24 16:10:50.135942 (MainThread): 'soft_unicode' has been renamed to 'soft_str'. The old name will be removed in MarkupSafe 2.1.
2021-07-24 16:10:50.137869 (MainThread): 'soft_unicode' has been renamed to 'soft_str'. The old name will be removed in MarkupSafe 2.1.
2021-07-24 16:10:50.139743 (MainThread): 'soft_unicode' has been renamed to 'soft_str'. The old name will be removed in MarkupSafe 2.1.
2021-07-24 16:10:50.153114 (MainThread): Sending event: {'category': 'dbt', 'action': 'load_project', 'label': '11c8fb0d-44af-4b09-94ad-dc1f2a4d28b9', 'context': [<snowplow_tracker.self_describing_json.SelfDescribingJson object at 0x104ffe820>]}
2021-07-24 16:10:50.157731 (MainThread): Sending event: {'category': 'dbt', 'action': 'resource_counts', 'label': '11c8fb0d-44af-4b09-94ad-dc1f2a4d28b9', 'context': [<snowplow_tracker.self_describing_json.SelfDescribingJson object at 0x105030f40>]}
2021-07-24 16:10:50.157966 (MainThread): Found 2 models, 4 tests, 0 snapshots, 0 analyses, 151 macros, 0 operations, 0 seed files, 0 sources, 0 exposures
2021-07-24 16:10:50.158944 (MainThread): 
2021-07-24 16:10:50.159261 (MainThread): Acquiring new snowflake connection "master".
2021-07-24 16:10:50.160035 (ThreadPoolExecutor-0_0): Acquiring new snowflake connection "list_DEMO_DB".
2021-07-24 16:10:50.173272 (ThreadPoolExecutor-0_0): Using snowflake connection "list_DEMO_DB".
2021-07-24 16:10:50.173416 (ThreadPoolExecutor-0_0): On list_DEMO_DB: /* {"app": "dbt", "dbt_version": "0.20.0", "profile_name": "snowflake", "target_name": "dev", "connection_name": "list_DEMO_DB"} */

    show terse schemas in database DEMO_DB
    limit 10000
2021-07-24 16:10:50.173509 (ThreadPoolExecutor-0_0): Opening a new connection, currently in state init
2021-07-24 16:10:51.296046 (ThreadPoolExecutor-0_0): SQL status: SUCCESS 2 in 1.12 seconds
2021-07-24 16:10:51.305826 (ThreadPoolExecutor-0_0): On list_DEMO_DB: Close
2021-07-24 16:10:51.419372 (ThreadPoolExecutor-1_0): Acquiring new snowflake connection "list_DEMO_DB_PUBLIC_dbt_test__audit".
2021-07-24 16:10:51.428374 (ThreadPoolExecutor-1_1): Acquiring new snowflake connection "list_DEMO_DB_PUBLIC".
2021-07-24 16:10:51.431155 (ThreadPoolExecutor-1_0): Using snowflake connection "list_DEMO_DB_PUBLIC_dbt_test__audit".
2021-07-24 16:10:51.433515 (ThreadPoolExecutor-1_1): Using snowflake connection "list_DEMO_DB_PUBLIC".
2021-07-24 16:10:51.433737 (ThreadPoolExecutor-1_0): On list_DEMO_DB_PUBLIC_dbt_test__audit: /* {"app": "dbt", "dbt_version": "0.20.0", "profile_name": "snowflake", "target_name": "dev", "connection_name": "list_DEMO_DB_PUBLIC_dbt_test__audit"} */

    show terse objects in DEMO_DB.PUBLIC_dbt_test__audit
2021-07-24 16:10:51.433945 (ThreadPoolExecutor-1_1): On list_DEMO_DB_PUBLIC: /* {"app": "dbt", "dbt_version": "0.20.0", "profile_name": "snowflake", "target_name": "dev", "connection_name": "list_DEMO_DB_PUBLIC"} */

    show terse objects in DEMO_DB.PUBLIC
2021-07-24 16:10:51.434084 (ThreadPoolExecutor-1_0): Opening a new connection, currently in state closed
2021-07-24 16:10:51.434202 (ThreadPoolExecutor-1_1): Opening a new connection, currently in state init
2021-07-24 16:10:51.970471 (ThreadPoolExecutor-1_1): SQL status: SUCCESS 0 in 0.54 seconds
2021-07-24 16:10:51.971602 (ThreadPoolExecutor-1_1): On list_DEMO_DB_PUBLIC: Close
2021-07-24 16:10:52.185520 (ThreadPoolExecutor-1_0): Snowflake query id: 019dcdca-3200-40de-0000-00007291220d
2021-07-24 16:10:52.185896 (ThreadPoolExecutor-1_0): Snowflake error: 002043 (02000): SQL compilation error:
Object does not exist, or operation cannot be performed.
2021-07-24 16:10:52.186266 (ThreadPoolExecutor-1_0): Error running SQL: macro list_relations_without_caching
2021-07-24 16:10:52.186500 (ThreadPoolExecutor-1_0): Rolling back transaction.
2021-07-24 16:10:52.186910 (ThreadPoolExecutor-1_0): On list_DEMO_DB_PUBLIC_dbt_test__audit: Close
2021-07-24 16:10:52.293330 (MainThread): Using snowflake connection "master".
2021-07-24 16:10:52.293613 (MainThread): On master: BEGIN
2021-07-24 16:10:52.293810 (MainThread): Opening a new connection, currently in state init
2021-07-24 16:10:52.728593 (MainThread): SQL status: SUCCESS 1 in 0.43 seconds
2021-07-24 16:10:52.729044 (MainThread): On master: COMMIT
2021-07-24 16:10:52.729450 (MainThread): Using snowflake connection "master".
2021-07-24 16:10:52.729689 (MainThread): On master: COMMIT
2021-07-24 16:10:52.921382 (MainThread): SQL status: SUCCESS 1 in 0.19 seconds
2021-07-24 16:10:52.921833 (MainThread): On master: Close
2021-07-24 16:10:53.034377 (MainThread): 23:10:53 | Concurrency: 10 threads (target='dev')
2021-07-24 16:10:53.034744 (MainThread): 23:10:53 | 
2021-07-24 16:10:53.038133 (Thread-1): Began running node model.dbt_learn.my_first_dbt_model
2021-07-24 16:10:53.038803 (Thread-1): 23:10:53 | 1 of 2 START table model PUBLIC.my_first_dbt_model................... [RUN]
2021-07-24 16:10:53.039442 (Thread-1): Acquiring new snowflake connection "model.dbt_learn.my_first_dbt_model".
2021-07-24 16:10:53.039666 (Thread-1): Compiling model.dbt_learn.my_first_dbt_model
2021-07-24 16:10:53.043710 (Thread-1): Writing injected SQL for node "model.dbt_learn.my_first_dbt_model"
2021-07-24 16:10:53.045647 (Thread-1): finished collecting timing info
2021-07-24 16:10:53.079148 (Thread-1): Writing runtime SQL for node "model.dbt_learn.my_first_dbt_model"
2021-07-24 16:10:53.080522 (Thread-1): Using snowflake connection "model.dbt_learn.my_first_dbt_model".
2021-07-24 16:10:53.080633 (Thread-1): On model.dbt_learn.my_first_dbt_model: BEGIN
2021-07-24 16:10:53.080719 (Thread-1): Opening a new connection, currently in state closed
2021-07-24 16:10:53.499667 (Thread-1): SQL status: SUCCESS 1 in 0.42 seconds
2021-07-24 16:10:53.499987 (Thread-1): Using snowflake connection "model.dbt_learn.my_first_dbt_model".
2021-07-24 16:10:53.500165 (Thread-1): On model.dbt_learn.my_first_dbt_model: /* {"app": "dbt", "dbt_version": "0.20.0", "profile_name": "snowflake", "target_name": "dev", "node_id": "model.dbt_learn.my_first_dbt_model"} */


      create or replace transient table DEMO_DB.PUBLIC.my_first_dbt_model  as
      (/*
    Welcome to your first dbt model!
    Did you know that you can also configure models directly within SQL files?
    This will override configurations stated in dbt_project.yml

    Try changing "table" to "view" below
*/



with source_data as (

    select 1 as id
    union all
    select null as id

)

select *
from source_data

/*
    Uncomment the line below to remove records with null `id` values
*/

-- where id is not null
      );
2021-07-24 16:10:55.647003 (Thread-1): SQL status: SUCCESS 1 in 2.15 seconds
2021-07-24 16:10:55.649415 (Thread-1): On model.dbt_learn.my_first_dbt_model: COMMIT
2021-07-24 16:10:55.649753 (Thread-1): Using snowflake connection "model.dbt_learn.my_first_dbt_model".
2021-07-24 16:10:55.649935 (Thread-1): On model.dbt_learn.my_first_dbt_model: COMMIT
2021-07-24 16:10:55.727977 (Thread-1): SQL status: SUCCESS 1 in 0.08 seconds
2021-07-24 16:10:55.747034 (Thread-1): finished collecting timing info
2021-07-24 16:10:55.747288 (Thread-1): On model.dbt_learn.my_first_dbt_model: Close
2021-07-24 16:10:55.854356 (Thread-1): Sending event: {'category': 'dbt', 'action': 'run_model', 'label': '11c8fb0d-44af-4b09-94ad-dc1f2a4d28b9', 'context': [<snowplow_tracker.self_describing_json.SelfDescribingJson object at 0x105390970>]}
2021-07-24 16:10:55.855081 (Thread-1): 23:10:55 | 1 of 2 OK created table model PUBLIC.my_first_dbt_model.............. [SUCCESS 1 in 2.82s]
2021-07-24 16:10:55.855350 (Thread-1): Finished running node model.dbt_learn.my_first_dbt_model
2021-07-24 16:10:55.856265 (Thread-3): Began running node model.dbt_learn.my_second_dbt_model
2021-07-24 16:10:55.856846 (Thread-3): 23:10:55 | 2 of 2 START view model PUBLIC.my_second_dbt_model................... [RUN]
2021-07-24 16:10:55.857585 (Thread-3): Acquiring new snowflake connection "model.dbt_learn.my_second_dbt_model".
2021-07-24 16:10:55.857824 (Thread-3): Compiling model.dbt_learn.my_second_dbt_model
2021-07-24 16:10:55.862219 (Thread-3): Writing injected SQL for node "model.dbt_learn.my_second_dbt_model"
2021-07-24 16:10:55.862946 (Thread-3): finished collecting timing info
2021-07-24 16:10:55.886734 (Thread-3): Writing runtime SQL for node "model.dbt_learn.my_second_dbt_model"
2021-07-24 16:10:55.887602 (Thread-3): Using snowflake connection "model.dbt_learn.my_second_dbt_model".
2021-07-24 16:10:55.887700 (Thread-3): On model.dbt_learn.my_second_dbt_model: BEGIN
2021-07-24 16:10:55.887789 (Thread-3): Opening a new connection, currently in state init
2021-07-24 16:10:56.316331 (Thread-3): SQL status: SUCCESS 1 in 0.43 seconds
2021-07-24 16:10:56.316706 (Thread-3): Using snowflake connection "model.dbt_learn.my_second_dbt_model".
2021-07-24 16:10:56.316876 (Thread-3): On model.dbt_learn.my_second_dbt_model: /* {"app": "dbt", "dbt_version": "0.20.0", "profile_name": "snowflake", "target_name": "dev", "node_id": "model.dbt_learn.my_second_dbt_model"} */

  create or replace  view DEMO_DB.PUBLIC.my_second_dbt_model  as (
    -- Use the `ref` function to select from other models

select *
from DEMO_DB.PUBLIC.my_first_dbt_model
where id = 1
  );
2021-07-24 16:10:56.634861 (Thread-3): SQL status: SUCCESS 1 in 0.32 seconds
2021-07-24 16:10:56.637123 (Thread-3): On model.dbt_learn.my_second_dbt_model: COMMIT
2021-07-24 16:10:56.637462 (Thread-3): Using snowflake connection "model.dbt_learn.my_second_dbt_model".
2021-07-24 16:10:56.637651 (Thread-3): On model.dbt_learn.my_second_dbt_model: COMMIT
2021-07-24 16:10:56.747086 (Thread-3): SQL status: SUCCESS 1 in 0.11 seconds
2021-07-24 16:10:56.748811 (Thread-3): finished collecting timing info
2021-07-24 16:10:56.749177 (Thread-3): On model.dbt_learn.my_second_dbt_model: Close
2021-07-24 16:10:56.853310 (Thread-3): Sending event: {'category': 'dbt', 'action': 'run_model', 'label': '11c8fb0d-44af-4b09-94ad-dc1f2a4d28b9', 'context': [<snowplow_tracker.self_describing_json.SelfDescribingJson object at 0x1054c7670>]}
2021-07-24 16:10:56.854000 (Thread-3): 23:10:56 | 2 of 2 OK created view model PUBLIC.my_second_dbt_model.............. [SUCCESS 1 in 1.00s]
2021-07-24 16:10:56.854267 (Thread-3): Finished running node model.dbt_learn.my_second_dbt_model
2021-07-24 16:10:56.857051 (MainThread): Acquiring new snowflake connection "master".
2021-07-24 16:10:56.857415 (MainThread): Using snowflake connection "master".
2021-07-24 16:10:56.857567 (MainThread): On master: BEGIN
2021-07-24 16:10:56.857720 (MainThread): Opening a new connection, currently in state closed
2021-07-24 16:10:57.295153 (MainThread): SQL status: SUCCESS 1 in 0.44 seconds
2021-07-24 16:10:57.295608 (MainThread): On master: COMMIT
2021-07-24 16:10:57.296027 (MainThread): Using snowflake connection "master".
2021-07-24 16:10:57.296609 (MainThread): On master: COMMIT
2021-07-24 16:10:57.456304 (MainThread): SQL status: SUCCESS 1 in 0.16 seconds
2021-07-24 16:10:57.456779 (MainThread): On master: Close
2021-07-24 16:10:57.565313 (MainThread): 23:10:57 | 
2021-07-24 16:10:57.565669 (MainThread): 23:10:57 | Finished running 1 table model, 1 view model in 7.41s.
2021-07-24 16:10:57.565904 (MainThread): Connection 'master' was properly closed.
2021-07-24 16:10:57.566061 (MainThread): Connection 'model.dbt_learn.my_first_dbt_model' was properly closed.
2021-07-24 16:10:57.566205 (MainThread): Connection 'list_DEMO_DB_PUBLIC' was properly closed.
2021-07-24 16:10:57.566345 (MainThread): Connection 'model.dbt_learn.my_second_dbt_model' was properly closed.
2021-07-24 16:10:57.574393 (MainThread): 
2021-07-24 16:10:57.574660 (MainThread): Completed successfully
2021-07-24 16:10:57.574856 (MainThread): 
Done. PASS=2 WARN=0 ERROR=0 SKIP=0 TOTAL=2
2021-07-24 16:10:57.575131 (MainThread): Sending event: {'category': 'dbt', 'action': 'invocation', 'label': 'end', 'context': [<snowplow_tracker.self_describing_json.SelfDescribingJson object at 0x104ee67c0>, <snowplow_tracker.self_describing_json.SelfDescribingJson object at 0x1053ce9d0>, <snowplow_tracker.self_describing_json.SelfDescribingJson object at 0x1053ce670>]}
2021-07-24 16:10:57.575442 (MainThread): Flushing usage events
